<PartNode>
  <id>1250446385828</id>
  <disabled>false</disabled>
  <element class="cz.cvut.fel.schematicEditor.element.element.part.Part">
    <editedCoordinateIndex>0</editedCoordinateIndex>
    <x/>
    <y/>
    <elementModificator>NO_MODIFICATION</elementModificator>
    <connectorVector/>
    <partProperties class="cz.cvut.fel.schematicEditor.parts.lightweightParts.partProperties.CurrentSourceProperties">
      <netlistPrototype>i&lt;name&gt; &lt;n1&gt; &lt;n2&gt; [dc &lt;dc_value&gt;] [ac &lt;ac_value&gt;] &lt;tran_value&gt;</netlistPrototype>
      <partProperties>
        <categoriesForPropertiesArray>
          <cz.cvut.fel.schematicEditor.parts.PropertiesCategory>
            <key>general</key>
            <propertiesForCategory>
              <cz.cvut.fel.schematicEditor.parts.PartProperty>
                <key class="string">tran_value</key>
                <value class="string"></value>
                <description></description>
              </cz.cvut.fel.schematicEditor.parts.PartProperty>
              <cz.cvut.fel.schematicEditor.parts.PartProperty>
                <key class="string">ac_value</key>
                <value class="string"></value>
                <description></description>
              </cz.cvut.fel.schematicEditor.parts.PartProperty>
              <cz.cvut.fel.schematicEditor.parts.PartProperty>
                <key class="string">dc_value</key>
                <value class="string"></value>
                <description></description>
              </cz.cvut.fel.schematicEditor.parts.PartProperty>
              <cz.cvut.fel.schematicEditor.parts.PartProperty>
                <key class="string">name</key>
                <value class="string"></value>
                <description></description>
              </cz.cvut.fel.schematicEditor.parts.PartProperty>
              <cz.cvut.fel.schematicEditor.parts.PartProperty>
                <key class="string">n1</key>
                <value class="string"></value>
                <description></description>
              </cz.cvut.fel.schematicEditor.parts.PartProperty>
              <cz.cvut.fel.schematicEditor.parts.PartProperty>
                <key class="string">n2</key>
                <value class="string"></value>
                <description></description>
              </cz.cvut.fel.schematicEditor.parts.PartProperty>
            </propertiesForCategory>
          </cz.cvut.fel.schematicEditor.parts.PropertiesCategory>
        </categoriesForPropertiesArray>
      </partProperties>
    </partProperties>
  </element>
  <elementType>T_PART</elementType>
  <edited>false</edited>
  <partGroupNode>
    <id>1250446385828</id>
    <disabled>false</disabled>
    <childrenGroupList>
      <GroupNode>
        <id>1250446385843</id>
        <disabled>false</disabled>
        <childrenGroupList/>
        <childrenElementList>
          <ShapeNode>
            <id>1250446385843</id>
            <disabled>false</disabled>
            <element class="cz.cvut.fel.schematicEditor.element.element.shape.Ellipse">
              <editedCoordinateIndex>0</editedCoordinateIndex>
              <x>
                <Pixel>
                  <value>10.08</value>
                  <doubleFactor>1.0</doubleFactor>
                </Pixel>
                <Pixel>
                  <value>30.24</value>
                  <doubleFactor>1.0</doubleFactor>
                </Pixel>
              </x>
              <y>
                <Pixel>
                  <value>51.12</value>
                  <doubleFactor>1.0</doubleFactor>
                </Pixel>
                <Pixel>
                  <value>30.959999999999997</value>
                  <doubleFactor>1.0</doubleFactor>
                </Pixel>
              </y>
              <elementModificator>NO_MODIFICATION</elementModificator>
            </element>
            <elementType>T_ELLIPSE</elementType>
            <edited>false</edited>
          </ShapeNode>
        </childrenElementList>
        <childrenTransformationList/>
        <chidrenParameterNode>
          <id>1250446385843</id>
          <disabled>false</disabled>
          <color>
            <red>0</red>
            <green>0</green>
            <blue>0</blue>
            <alpha>255</alpha>
          </color>
          <fill>
            <red>255</red>
            <green>255</green>
            <blue>255</blue>
            <alpha>0</alpha>
          </fill>
          <width class="Pixel">
            <value>10.0</value>
            <doubleFactor>0.072</doubleFactor>
          </width>
        </chidrenParameterNode>
      </GroupNode>
      <GroupNode>
        <id>1250446385843</id>
        <disabled>false</disabled>
        <childrenGroupList/>
        <childrenElementList>
          <ShapeNode>
            <id>1250446385843</id>
            <disabled>false</disabled>
            <element class="cz.cvut.fel.schematicEditor.element.element.shape.Line">
              <editedCoordinateIndex>0</editedCoordinateIndex>
              <x>
                <Pixel>
                  <value>20.16</value>
                  <doubleFactor>1.0</doubleFactor>
                </Pixel>
                <Pixel>
                  <value>20.16</value>
                  <doubleFactor>1.0</doubleFactor>
                </Pixel>
              </x>
              <y>
                <Pixel>
                  <value>30.959999999999997</value>
                  <doubleFactor>1.0</doubleFactor>
                </Pixel>
                <Pixel>
                  <value>23.759999999999998</value>
                  <doubleFactor>1.0</doubleFactor>
                </Pixel>
              </y>
              <elementModificator>NO_MODIFICATION</elementModificator>
            </element>
            <elementType>T_LINE</elementType>
            <edited>false</edited>
          </ShapeNode>
        </childrenElementList>
        <childrenTransformationList/>
        <chidrenParameterNode>
          <id>1250446385843</id>
          <disabled>false</disabled>
          <color>
            <red>0</red>
            <green>0</green>
            <blue>0</blue>
            <alpha>255</alpha>
          </color>
          <fill>
            <red>255</red>
            <green>255</green>
            <blue>255</blue>
            <alpha>255</alpha>
          </fill>
          <width class="Pixel">
            <value>10.0</value>
            <doubleFactor>0.072</doubleFactor>
          </width>
        </chidrenParameterNode>
      </GroupNode>
      <GroupNode>
        <id>1250446385843</id>
        <disabled>false</disabled>
        <childrenGroupList/>
        <childrenElementList>
          <ShapeNode>
            <id>1250446385843</id>
            <disabled>false</disabled>
            <element class="cz.cvut.fel.schematicEditor.element.element.shape.Line">
              <editedCoordinateIndex>0</editedCoordinateIndex>
              <x>
                <Pixel>
                  <value>20.16</value>
                  <doubleFactor>1.0</doubleFactor>
                </Pixel>
                <Pixel>
                  <value>20.16</value>
                  <doubleFactor>1.0</doubleFactor>
                </Pixel>
              </x>
              <y>
                <Pixel>
                  <value>58.31999999999999</value>
                  <doubleFactor>1.0</doubleFactor>
                </Pixel>
                <Pixel>
                  <value>51.12</value>
                  <doubleFactor>1.0</doubleFactor>
                </Pixel>
              </y>
              <elementModificator>NO_MODIFICATION</elementModificator>
            </element>
            <elementType>T_LINE</elementType>
            <edited>false</edited>
          </ShapeNode>
        </childrenElementList>
        <childrenTransformationList/>
        <chidrenParameterNode>
          <id>1250446385843</id>
          <disabled>false</disabled>
          <color>
            <red>0</red>
            <green>0</green>
            <blue>0</blue>
            <alpha>255</alpha>
          </color>
          <fill>
            <red>255</red>
            <green>255</green>
            <blue>255</blue>
            <alpha>255</alpha>
          </fill>
          <width class="Pixel">
            <value>10.0</value>
            <doubleFactor>0.072</doubleFactor>
          </width>
        </chidrenParameterNode>
      </GroupNode>
      <GroupNode>
        <id>1250446385828</id>
        <disabled>false</disabled>
        <childrenGroupList/>
        <childrenElementList>
          <ShapeNode>
            <id>1250446385828</id>
            <disabled>false</disabled>
            <element class="cz.cvut.fel.schematicEditor.element.element.shape.Line">
              <editedCoordinateIndex>0</editedCoordinateIndex>
              <x>
                <Pixel>
                  <value>20.16</value>
                  <doubleFactor>1.0</doubleFactor>
                </Pixel>
                <Pixel>
                  <value>20.16</value>
                  <doubleFactor>1.0</doubleFactor>
                </Pixel>
              </x>
              <y>
                <Pixel>
                  <value>48.959999999999994</value>
                  <doubleFactor>1.0</doubleFactor>
                </Pixel>
                <Pixel>
                  <value>34.559999999999995</value>
                  <doubleFactor>1.0</doubleFactor>
                </Pixel>
              </y>
              <elementModificator>NO_MODIFICATION</elementModificator>
            </element>
            <elementType>T_LINE</elementType>
            <edited>false</edited>
          </ShapeNode>
        </childrenElementList>
        <childrenTransformationList/>
        <chidrenParameterNode>
          <id>1250446385828</id>
          <disabled>false</disabled>
          <color>
            <red>0</red>
            <green>0</green>
            <blue>0</blue>
            <alpha>255</alpha>
          </color>
          <fill>
            <red>255</red>
            <green>255</green>
            <blue>255</blue>
            <alpha>255</alpha>
          </fill>
          <width class="Pixel">
            <value>10.0</value>
            <doubleFactor>0.072</doubleFactor>
          </width>
        </chidrenParameterNode>
      </GroupNode>
      <GroupNode>
        <id>1250446385828</id>
        <disabled>false</disabled>
        <childrenGroupList/>
        <childrenElementList>
          <ShapeNode>
            <id>1250446385828</id>
            <disabled>false</disabled>
            <element class="cz.cvut.fel.schematicEditor.element.element.shape.Polygon">
              <editedCoordinateIndex>0</editedCoordinateIndex>
              <x>
                <Pixel>
                  <value>20.16</value>
                  <doubleFactor>1.0</doubleFactor>
                </Pixel>
                <Pixel>
                  <value>18.72</value>
                  <doubleFactor>1.0</doubleFactor>
                </Pixel>
                <Pixel>
                  <value>21.599999999999998</value>
                  <doubleFactor>1.0</doubleFactor>
                </Pixel>
              </x>
              <y>
                <Pixel>
                  <value>33.839999999999996</value>
                  <doubleFactor>1.0</doubleFactor>
                </Pixel>
                <Pixel>
                  <value>38.16</value>
                  <doubleFactor>1.0</doubleFactor>
                </Pixel>
                <Pixel>
                  <value>38.16</value>
                  <doubleFactor>1.0</doubleFactor>
                </Pixel>
              </y>
              <elementModificator>NO_MODIFICATION</elementModificator>
            </element>
            <elementType>T_POLYGON</elementType>
            <edited>false</edited>
          </ShapeNode>
        </childrenElementList>
        <childrenTransformationList/>
        <chidrenParameterNode>
          <id>1250446385828</id>
          <disabled>false</disabled>
          <color>
            <red>0</red>
            <green>0</green>
            <blue>0</blue>
            <alpha>255</alpha>
          </color>
          <fill>
            <red>0</red>
            <green>0</green>
            <blue>0</blue>
            <alpha>255</alpha>
          </fill>
          <width class="Pixel">
            <value>10.0</value>
            <doubleFactor>0.072</doubleFactor>
          </width>
        </chidrenParameterNode>
      </GroupNode>
    </childrenGroupList>
    <childrenElementList/>
    <childrenTransformationList/>
    <chidrenParameterNode>
      <id>1250446385828</id>
      <disabled>false</disabled>
      <color>
        <red>0</red>
        <green>0</green>
        <blue>0</blue>
        <alpha>255</alpha>
      </color>
      <fill>
        <red>255</red>
        <green>255</green>
        <blue>255</blue>
        <alpha>255</alpha>
      </fill>
      <width class="Pixel">
        <value>1.0</value>
        <doubleFactor>0.072</doubleFactor>
      </width>
    </chidrenParameterNode>
  </partGroupNode>
  <partConnectors>
    <PinNode>
      <id>1250446573140</id>
      <disabled>false</disabled>
      <element class="cz.cvut.fel.schematicEditor.element.element.part.Pin">
        <editedCoordinateIndex>0</editedCoordinateIndex>
              <x>
                <Pixel>
                  <value>20.16</value>
                  <doubleFactor>1.0</doubleFactor>
                </Pixel>
                <Pixel>
                  <value>20.16</value>
                  <doubleFactor>1.0</doubleFactor>
                </Pixel>
              </x>
              <y>
                <Pixel>
                  <value>23.759999999999998</value>
                  <doubleFactor>1.0</doubleFactor>
                </Pixel>
                <Pixel>
                  <value>23.759999999999998</value>
                  <doubleFactor>1.0</doubleFactor>
                </Pixel>
              </y>
        <elementModificator>NO_MODIFICATION</elementModificator>
      </element>
      <edited>false</edited>
    </PinNode>
    <PinNode>
      <id>1250446573140</id>
      <disabled>false</disabled>
      <element class="cz.cvut.fel.schematicEditor.element.element.part.Pin">
        <editedCoordinateIndex>0</editedCoordinateIndex>
              <x>
                <Pixel>
                  <value>20.16</value>
                  <doubleFactor>1.0</doubleFactor>
                </Pixel>
                <Pixel>
                  <value>20.16</value>
                  <doubleFactor>1.0</doubleFactor>
                </Pixel>
              </x>
              <y>
                <Pixel>
                  <value>58.31999999999999</value>
                  <doubleFactor>1.0</doubleFactor>
                </Pixel>
                <Pixel>
                  <value>58.31999999999999</value>
                  <doubleFactor>1.0</doubleFactor>
                </Pixel>
              </y>
        <elementModificator>NO_MODIFICATION</elementModificator>
      </element>
      <edited>false</edited>
    </PinNode>
  </partConnectors>
</PartNode>