<PartNode>
  <id>1250438203937</id>
  <disabled>false</disabled>
  <element class="cz.cvut.fel.schematicEditor.element.element.part.Part">
    <editedCoordinateIndex>0</editedCoordinateIndex>
    <x/>
    <y/>
    <elementModificator>NO_MODIFICATION</elementModificator>
    <connectorVector/>
    <partProperties class="cz.cvut.fel.schematicEditor.parts.lightweightParts.partProperties.VoltageSourceProperties">
      <netlistPrototype>v&lt;name&gt; &lt;n1&gt; &lt;n2&gt; [dc &lt;dc_value&gt;] [ac &lt;ac_value&gt;] &lt;tran_value&gt;</netlistPrototype>
      <partProperties>
        <categoriesForPropertiesArray>
          <cz.cvut.fel.schematicEditor.parts.PropertiesCategory>
            <key>general</key>
            <propertiesForCategory>
              <cz.cvut.fel.schematicEditor.parts.PartProperty>
                <key class="string">tran_value</key>
                <value class="string"></value>
                <description></description>
              </cz.cvut.fel.schematicEditor.parts.PartProperty>
              <cz.cvut.fel.schematicEditor.parts.PartProperty>
                <key class="string">ac_value</key>
                <value class="string"></value>
                <description></description>
              </cz.cvut.fel.schematicEditor.parts.PartProperty>
              <cz.cvut.fel.schematicEditor.parts.PartProperty>
                <key class="string">dc_value</key>
                <value class="string"></value>
                <description></description>
              </cz.cvut.fel.schematicEditor.parts.PartProperty>
              <cz.cvut.fel.schematicEditor.parts.PartProperty>
                <key class="string">name</key>
                <value class="string"></value>
                <description></description>
              </cz.cvut.fel.schematicEditor.parts.PartProperty>
              <cz.cvut.fel.schematicEditor.parts.PartProperty>
                <key class="string">n1</key>
                <value class="string"></value>
                <description></description>
              </cz.cvut.fel.schematicEditor.parts.PartProperty>
              <cz.cvut.fel.schematicEditor.parts.PartProperty>
                <key class="string">n2</key>
                <value class="string"></value>
                <description></description>
              </cz.cvut.fel.schematicEditor.parts.PartProperty>
            </propertiesForCategory>
          </cz.cvut.fel.schematicEditor.parts.PropertiesCategory>
        </categoriesForPropertiesArray>
      </partProperties>
    </partProperties>
  </element>
  <elementType>T_PART</elementType>
  <edited>false</edited>
  <partGroupNode>
    <id>1250438203937</id>
    <disabled>false</disabled>
    <childrenGroupList>
      <GroupNode>
        <id>1250438203953</id>
        <disabled>false</disabled>
        <childrenGroupList/>
        <childrenElementList>
          <ShapeNode>
            <id>1250438203953</id>
            <disabled>false</disabled>
            <element class="cz.cvut.fel.schematicEditor.element.element.shape.Ellipse">
              <editedCoordinateIndex>0</editedCoordinateIndex>
              <x>
                <Mil>
                  <value>140.0</value>
                  <doubleFactor>0.072</doubleFactor>
                </Mil>
                <Mil>
                  <value>420.0</value>
                  <doubleFactor>0.072</doubleFactor>
                </Mil>
              </x>
              <y>
                <Mil>
                  <value>710.0</value>
                  <doubleFactor>0.072</doubleFactor>
                </Mil>
                <Mil>
                  <value>430.0</value>
                  <doubleFactor>0.072</doubleFactor>
                </Mil>
              </y>
              <elementModificator>NO_MODIFICATION</elementModificator>
            </element>
            <elementType>T_ELLIPSE</elementType>
            <edited>false</edited>
          </ShapeNode>
        </childrenElementList>
        <childrenTransformationList/>
        <chidrenParameterNode>
          <id>1250438203953</id>
          <disabled>false</disabled>
          <color>
            <red>0</red>
            <green>0</green>
            <blue>0</blue>
            <alpha>255</alpha>
          </color>
          <fill>
            <red>255</red>
            <green>255</green>
            <blue>255</blue>
            <alpha>0</alpha>
          </fill>
          <width class="Pixel">
            <value>10.0</value>
            <doubleFactor>0.072</doubleFactor>
          </width>
        </chidrenParameterNode>
      </GroupNode>
      <GroupNode>
        <id>1250438203953</id>
        <disabled>false</disabled>
        <childrenGroupList/>
        <childrenElementList>
          <ShapeNode>
            <id>1250438203953</id>
            <disabled>false</disabled>
            <element class="cz.cvut.fel.schematicEditor.element.element.shape.Line">
              <editedCoordinateIndex>0</editedCoordinateIndex>
              <x>
                <Mil>
                  <value>280.0</value>
                  <doubleFactor>0.072</doubleFactor>
                </Mil>
                <Mil>
                  <value>280.0</value>
                  <doubleFactor>0.072</doubleFactor>
                </Mil>
              </x>
              <y>
                <Mil>
                  <value>430.0</value>
                  <doubleFactor>0.072</doubleFactor>
                </Mil>
                <Mil>
                  <value>330.0</value>
                  <doubleFactor>0.072</doubleFactor>
                </Mil>
              </y>
              <elementModificator>NO_MODIFICATION</elementModificator>
            </element>
            <elementType>T_LINE</elementType>
            <edited>false</edited>
          </ShapeNode>
        </childrenElementList>
        <childrenTransformationList/>
        <chidrenParameterNode>
          <id>1250438203953</id>
          <disabled>false</disabled>
          <color>
            <red>0</red>
            <green>0</green>
            <blue>0</blue>
            <alpha>255</alpha>
          </color>
          <fill>
            <red>255</red>
            <green>255</green>
            <blue>255</blue>
            <alpha>255</alpha>
          </fill>
          <width class="Pixel">
            <value>10.0</value>
            <doubleFactor>0.072</doubleFactor>
          </width>
        </chidrenParameterNode>
      </GroupNode>
      <GroupNode>
        <id>1250438203953</id>
        <disabled>false</disabled>
        <childrenGroupList/>
        <childrenElementList>
          <ShapeNode>
            <id>1250438203953</id>
            <disabled>false</disabled>
            <element class="cz.cvut.fel.schematicEditor.element.element.shape.Line">
              <editedCoordinateIndex>0</editedCoordinateIndex>
              <x>
                <Mil>
                  <value>280.0</value>
                  <doubleFactor>0.072</doubleFactor>
                </Mil>
                <Mil>
                  <value>280.0</value>
                  <doubleFactor>0.072</doubleFactor>
                </Mil>
              </x>
              <y>
                <Mil>
                  <value>810.0</value>
                  <doubleFactor>0.072</doubleFactor>
                </Mil>
                <Mil>
                  <value>710.0</value>
                  <doubleFactor>0.072</doubleFactor>
                </Mil>
              </y>
              <elementModificator>NO_MODIFICATION</elementModificator>
            </element>
            <elementType>T_LINE</elementType>
            <edited>false</edited>
          </ShapeNode>
        </childrenElementList>
        <childrenTransformationList/>
        <chidrenParameterNode>
          <id>1250438203953</id>
          <disabled>false</disabled>
          <color>
            <red>0</red>
            <green>0</green>
            <blue>0</blue>
            <alpha>255</alpha>
          </color>
          <fill>
            <red>255</red>
            <green>255</green>
            <blue>255</blue>
            <alpha>255</alpha>
          </fill>
          <width class="Pixel">
            <value>10.0</value>
            <doubleFactor>0.072</doubleFactor>
          </width>
        </chidrenParameterNode>
      </GroupNode>
      <GroupNode>
        <id>1250438203953</id>
        <disabled>false</disabled>
        <childrenGroupList/>
        <childrenElementList>
          <ShapeNode>
            <id>1250438203953</id>
            <disabled>false</disabled>
            <element class="cz.cvut.fel.schematicEditor.element.element.shape.Line">
              <editedCoordinateIndex>0</editedCoordinateIndex>
              <x>
                <Mil>
                  <value>80.0</value>
                  <doubleFactor>0.072</doubleFactor>
                </Mil>
                <Mil>
                  <value>80.0</value>
                  <doubleFactor>0.072</doubleFactor>
                </Mil>
              </x>
              <y>
                <Mil>
                  <value>450.0</value>
                  <doubleFactor>0.072</doubleFactor>
                </Mil>
                <Mil>
                  <value>690.0</value>
                  <doubleFactor>0.072</doubleFactor>
                </Mil>
              </y>
              <elementModificator>NO_MODIFICATION</elementModificator>
            </element>
            <elementType>T_LINE</elementType>
            <edited>false</edited>
          </ShapeNode>
        </childrenElementList>
        <childrenTransformationList/>
        <chidrenParameterNode>
          <id>1250438203953</id>
          <disabled>false</disabled>
          <color>
            <red>0</red>
            <green>0</green>
            <blue>0</blue>
            <alpha>255</alpha>
          </color>
          <fill>
            <red>255</red>
            <green>255</green>
            <blue>255</blue>
            <alpha>255</alpha>
          </fill>
          <width class="Pixel">
            <value>10.0</value>
            <doubleFactor>0.072</doubleFactor>
          </width>
        </chidrenParameterNode>
      </GroupNode>
      <GroupNode>
        <id>1250438203953</id>
        <disabled>false</disabled>
        <childrenGroupList/>
        <childrenElementList>
          <ShapeNode>
            <id>1250438203953</id>
            <disabled>false</disabled>
            <element class="cz.cvut.fel.schematicEditor.element.element.shape.Line">
              <editedCoordinateIndex>0</editedCoordinateIndex>
              <x>
                <Mil>
                  <value>80.0</value>
                  <doubleFactor>0.072</doubleFactor>
                </Mil>
                <Mil>
                  <value>100.0</value>
                  <doubleFactor>0.072</doubleFactor>
                </Mil>
              </x>
              <y>
                <Mil>
                  <value>690.0</value>
                  <doubleFactor>0.072</doubleFactor>
                </Mil>
                <Mil>
                  <value>630.0</value>
                  <doubleFactor>0.072</doubleFactor>
                </Mil>
              </y>
              <elementModificator>NO_MODIFICATION</elementModificator>
            </element>
            <elementType>T_LINE</elementType>
            <edited>false</edited>
          </ShapeNode>
        </childrenElementList>
        <childrenTransformationList/>
        <chidrenParameterNode>
          <id>1250438203953</id>
          <disabled>false</disabled>
          <color>
            <red>0</red>
            <green>0</green>
            <blue>0</blue>
            <alpha>255</alpha>
          </color>
          <fill>
            <red>255</red>
            <green>255</green>
            <blue>255</blue>
            <alpha>255</alpha>
          </fill>
          <width class="Pixel">
            <value>10.0</value>
            <doubleFactor>0.072</doubleFactor>
          </width>
        </chidrenParameterNode>
      </GroupNode>
      <GroupNode>
        <id>1250438203953</id>
        <disabled>false</disabled>
        <childrenGroupList/>
        <childrenElementList>
          <ShapeNode>
            <id>1250438203953</id>
            <disabled>false</disabled>
            <element class="cz.cvut.fel.schematicEditor.element.element.shape.Line">
              <editedCoordinateIndex>0</editedCoordinateIndex>
              <x>
                <Mil>
                  <value>80.0</value>
                  <doubleFactor>0.072</doubleFactor>
                </Mil>
                <Mil>
                  <value>60.0</value>
                  <doubleFactor>0.072</doubleFactor>
                </Mil>
              </x>
              <y>
                <Mil>
                  <value>690.0</value>
                  <doubleFactor>0.072</doubleFactor>
                </Mil>
                <Mil>
                  <value>630.0</value>
                  <doubleFactor>0.072</doubleFactor>
                </Mil>
              </y>
              <elementModificator>NO_MODIFICATION</elementModificator>
            </element>
            <elementType>T_LINE</elementType>
            <edited>false</edited>
          </ShapeNode>
        </childrenElementList>
        <childrenTransformationList/>
        <chidrenParameterNode>
          <id>1250438203953</id>
          <disabled>false</disabled>
          <color>
            <red>0</red>
            <green>0</green>
            <blue>0</blue>
            <alpha>255</alpha>
          </color>
          <fill>
            <red>255</red>
            <green>255</green>
            <blue>255</blue>
            <alpha>255</alpha>
          </fill>
          <width class="Pixel">
            <value>10.0</value>
            <doubleFactor>0.072</doubleFactor>
          </width>
        </chidrenParameterNode>
      </GroupNode>
    </childrenGroupList>
    <childrenElementList/>
    <childrenTransformationList/>
    <chidrenParameterNode>
      <id>1250438203937</id>
      <disabled>false</disabled>
      <color>
        <red>0</red>
        <green>0</green>
        <blue>0</blue>
        <alpha>255</alpha>
      </color>
      <fill>
        <red>255</red>
        <green>255</green>
        <blue>255</blue>
        <alpha>255</alpha>
      </fill>
      <width class="Pixel">
        <value>1.0</value>
        <doubleFactor>0.072</doubleFactor>
      </width>
    </chidrenParameterNode>
  </partGroupNode>
  <partConnectors/>
</PartNode>