<cz.cvut.fel.schematicEditor.graphNode.PartNode>
  <id>1243791411520</id>
  <disabled>false</disabled>
  <element class="cz.cvut.fel.schematicEditor.element.element.part.Part">
    <editedCoordinateIndex>0</editedCoordinateIndex>
    <x/>
    <y/>
    <elementModificator>NO_MODIFICATION</elementModificator>
    <connectorVector/>
    <partProperties class="cz.cvut.fel.schematicEditor.parts.lightweightParts.partProperties.ResistorProperties">
      <properties>
        <entry>
          <string>value</string>
          <string>10k</string>
        </entry>
        <entry>
          <string>name</string>
          <string>resistor</string>
        </entry>
      </properties>
      <netlistPrototype>r&lt;name&gt; &lt;connectorP&gt; &lt;connectorM&gt; [&lt;value&gt;] [&lt;model&gt;] [l=&lt;length&gt;] [w=&lt;width&gt;] [temp=&lt;temperature&gt;]</netlistPrototype>
    </partProperties>
  </element>
  <elementType>T_PART</elementType>
  <edited>false</edited>
  <partGroupNode>
    <id>1243791411520</id>
    <disabled>false</disabled>
    <childrenGroupList>
      <cz.cvut.fel.schematicEditor.graphNode.GroupNode>
        <id>1243791411523</id>
        <disabled>false</disabled>
        <childrenGroupList/>
        <childrenElementList>
          <cz.cvut.fel.schematicEditor.graphNode.ShapeNode>
            <id>1243791411523</id>
            <disabled>false</disabled>
            <element class="cz.cvut.fel.schematicEditor.element.element.shape.Line">
              <editedCoordinateIndex>0</editedCoordinateIndex>
              <x>
                <cz.cvut.fel.schematicEditor.unit.oneDimensional.computer.Pixel>
                  <value>176.0</value>
                  <doubleFactor>1.0</doubleFactor>
                </cz.cvut.fel.schematicEditor.unit.oneDimensional.computer.Pixel>
                <cz.cvut.fel.schematicEditor.unit.oneDimensional.computer.Pixel>
                  <value>395.0</value>
                  <doubleFactor>1.0</doubleFactor>
                </cz.cvut.fel.schematicEditor.unit.oneDimensional.computer.Pixel>
              </x>
              <y>
                <cz.cvut.fel.schematicEditor.unit.oneDimensional.computer.Pixel>
                  <value>149.0</value>
                  <doubleFactor>1.0</doubleFactor>
                </cz.cvut.fel.schematicEditor.unit.oneDimensional.computer.Pixel>
                <cz.cvut.fel.schematicEditor.unit.oneDimensional.computer.Pixel>
                  <value>173.0</value>
                  <doubleFactor>1.0</doubleFactor>
                </cz.cvut.fel.schematicEditor.unit.oneDimensional.computer.Pixel>
              </y>
              <elementModificator>NO_MODIFICATION</elementModificator>
            </element>
            <elementType>T_LINE</elementType>
            <edited>false</edited>
          </cz.cvut.fel.schematicEditor.graphNode.ShapeNode>
        </childrenElementList>
        <childrenTransformationList/>
        <chidrenParameterNode>
          <id>1243791411523</id>
          <disabled>false</disabled>
          <color>
            <red>0</red>
            <green>0</green>
            <blue>0</blue>
            <alpha>255</alpha>
          </color>
          <fill>
            <red>255</red>
            <green>255</green>
            <blue>255</blue>
            <alpha>255</alpha>
          </fill>
          <width class="cz.cvut.fel.schematicEditor.unit.oneDimensional.computer.Pixel">
            <value>1.0</value>
            <doubleFactor>1.0</doubleFactor>
          </width>
        </chidrenParameterNode>
      </cz.cvut.fel.schematicEditor.graphNode.GroupNode>
    </childrenGroupList>
    <childrenElementList/>
    <childrenTransformationList/>
    <chidrenParameterNode>
      <id>1243791411520</id>
      <disabled>false</disabled>
      <color>
        <red>0</red>
        <green>0</green>
        <blue>0</blue>
        <alpha>255</alpha>
      </color>
      <fill>
        <red>255</red>
        <green>255</green>
        <blue>255</blue>
        <alpha>255</alpha>
      </fill>
      <width class="cz.cvut.fel.schematicEditor.unit.oneDimensional.computer.Pixel">
        <value>1.0</value>
        <doubleFactor>1.0</doubleFactor>
      </width>
    </chidrenParameterNode>
  </partGroupNode>
  <partConnectors/>
</cz.cvut.fel.schematicEditor.graphNode.PartNode>