<cz.cvut.fel.schematicEditor.graphNode.PartNode>
  <id>1243202462449</id>
  <disabled>false</disabled>
  <element class="cz.cvut.fel.schematicEditor.element.element.part.Part">
    <editedCoordinateIndex>0</editedCoordinateIndex>
    <x/>
    <y/>
    <elementModificator>NO_MODIFICATION</elementModificator>
    <connectorVector/>
    <partProperties class="cz.cvut.fel.schematicEditor.parts.synchronizedPartProperties.ResistorProperties">
      <synchronizedPartProperties>
        <cz.cvut.fel.schematicEditor.parts.SynchronizedPartProperty>
          <definition>w</definition>
          <nameCS>Šířka kanálu</nameCS>
          <nameEN>Width</nameEN>
          <type>text</type>
          <helpCS></helpCS>
          <helpEN></helpEN>
        </cz.cvut.fel.schematicEditor.parts.SynchronizedPartProperty>
        <cz.cvut.fel.schematicEditor.parts.SynchronizedPartProperty>
          <definition>resistance</definition>
          <nameCS>Hodnota</nameCS>
          <nameEN>Value</nameEN>
          <type>text</type>
          <helpCS>Hodnota odporu [&amp;Omega;]</helpCS>
          <helpEN>Resistance [&amp;Omega;]</helpEN>
        </cz.cvut.fel.schematicEditor.parts.SynchronizedPartProperty>
        <cz.cvut.fel.schematicEditor.parts.SynchronizedPartProperty>
          <definition>temp</definition>
          <nameCS>Teplota</nameCS>
          <nameEN>Temperature</nameEN>
          <type>text</type>
          <helpCS></helpCS>
          <helpEN></helpEN>
        </cz.cvut.fel.schematicEditor.parts.SynchronizedPartProperty>
        <cz.cvut.fel.schematicEditor.parts.SynchronizedPartProperty>
          <definition>name</definition>
          <nameCS>Název</nameCS>
          <nameEN>Name</nameEN>
          <type>text</type>
          <helpCS>Název součástky</helpCS>
          <helpEN>Name of part</helpEN>
          <validate>not-empty</validate>
        </cz.cvut.fel.schematicEditor.parts.SynchronizedPartProperty>
        <cz.cvut.fel.schematicEditor.parts.SynchronizedPartProperty>
          <definition>l</definition>
          <nameCS>Délka kanálu</nameCS>
          <nameEN>Length</nameEN>
          <type>text</type>
          <helpCS></helpCS>
          <helpEN></helpEN>
        </cz.cvut.fel.schematicEditor.parts.SynchronizedPartProperty>
        <cz.cvut.fel.schematicEditor.parts.SynchronizedPartProperty>
          <definition>node2</definition>
          <nameCS>N2</nameCS>
          <nameEN>N2</nameEN>
          <type>text</type>
          <helpCS>Uzel 2</helpCS>
          <helpEN>Node 2</helpEN>
          <validate>not-empty</validate>
        </cz.cvut.fel.schematicEditor.parts.SynchronizedPartProperty>
        <cz.cvut.fel.schematicEditor.parts.SynchronizedPartProperty>
          <definition>node1</definition>
          <nameCS>N1</nameCS>
          <nameEN>N1</nameEN>
          <type>text</type>
          <helpCS>Uzel 1</helpCS>
          <helpEN>Node 1</helpEN>
          <validate>not-empty</validate>
        </cz.cvut.fel.schematicEditor.parts.SynchronizedPartProperty>
        <cz.cvut.fel.schematicEditor.parts.SynchronizedPartProperty>
          <definition>mname</definition>
          <nameCS>Model</nameCS>
          <nameEN>Model</nameEN>
          <type>text</type>
          <helpCS>Jméno modelu</helpCS>
          <helpEN>Name of model</helpEN>
        </cz.cvut.fel.schematicEditor.parts.SynchronizedPartProperty>
        <cz.cvut.fel.schematicEditor.parts.SynchronizedPartProperty>
          <definition>i</definition>
          <nameCS>Proud</nameCS>
          <nameEN>Current</nameEN>
          <type>text</type>
          <helpCS></helpCS>
          <helpEN></helpEN>
        </cz.cvut.fel.schematicEditor.parts.SynchronizedPartProperty>
      </synchronizedPartProperties>
      <remoteConfigurationBase>http://asinus.feld.cvut.cz/pracan3/data/part-spice/soucastky/</remoteConfigurationBase>
      <netlistPrototype>r&lt;name&gt; &lt;connectorP&gt; &lt;connectorM&gt; [&lt;value&gt;] [&lt;model&gt;] [l=&lt;length&gt;] [w=&lt;width&gt;] [temp=&lt;temperature&gt;]</netlistPrototype>
      <remoteConfigurationName>r.ini</remoteConfigurationName>
    </partProperties>
  </element>
  <elementType>T_PART</elementType>
  <edited>false</edited>
  <partGroupNode>
    <id>1243202462449</id>
    <disabled>false</disabled>
    <childrenGroupList>
      <cz.cvut.fel.schematicEditor.graphNode.GroupNode>
        <id>1243202462465</id>
        <disabled>false</disabled>
        <childrenGroupList/>
        <childrenElementList>
          <cz.cvut.fel.schematicEditor.graphNode.ShapeNode>
            <id>1243202462465</id>
            <disabled>false</disabled>
            <element class="cz.cvut.fel.schematicEditor.element.element.shape.Ellipse">
              <editedCoordinateIndex>0</editedCoordinateIndex>
              <x>
                <cz.cvut.fel.schematicEditor.unit.oneDimensional.computer.Pixel>
                  <value>288.0</value>
                  <doubleFactor>1.0</doubleFactor>
                </cz.cvut.fel.schematicEditor.unit.oneDimensional.computer.Pixel>
                <cz.cvut.fel.schematicEditor.unit.oneDimensional.computer.Pixel>
                  <value>439.0</value>
                  <doubleFactor>1.0</doubleFactor>
                </cz.cvut.fel.schematicEditor.unit.oneDimensional.computer.Pixel>
              </x>
              <y>
                <cz.cvut.fel.schematicEditor.unit.oneDimensional.computer.Pixel>
                  <value>193.0</value>
                  <doubleFactor>1.0</doubleFactor>
                </cz.cvut.fel.schematicEditor.unit.oneDimensional.computer.Pixel>
                <cz.cvut.fel.schematicEditor.unit.oneDimensional.computer.Pixel>
                  <value>234.0</value>
                  <doubleFactor>1.0</doubleFactor>
                </cz.cvut.fel.schematicEditor.unit.oneDimensional.computer.Pixel>
              </y>
              <elementModificator>NO_MODIFICATION</elementModificator>
            </element>
            <elementType>T_ELLIPSE</elementType>
            <edited>false</edited>
          </cz.cvut.fel.schematicEditor.graphNode.ShapeNode>
        </childrenElementList>
        <childrenTransformationList/>
        <chidrenParameterNode>
          <id>1243202462465</id>
          <disabled>false</disabled>
          <color>
            <red>0</red>
            <green>0</green>
            <blue>0</blue>
            <alpha>255</alpha>
          </color>
          <fill>
            <red>255</red>
            <green>255</green>
            <blue>255</blue>
            <alpha>255</alpha>
          </fill>
          <width class="cz.cvut.fel.schematicEditor.unit.oneDimensional.computer.Pixel">
            <value>1.0</value>
            <doubleFactor>1.0</doubleFactor>
          </width>
        </chidrenParameterNode>
      </cz.cvut.fel.schematicEditor.graphNode.GroupNode>
    </childrenGroupList>
    <childrenElementList/>
    <childrenTransformationList/>
    <chidrenParameterNode>
      <id>1243202462449</id>
      <disabled>false</disabled>
      <color>
        <red>0</red>
        <green>0</green>
        <blue>0</blue>
        <alpha>255</alpha>
      </color>
      <fill>
        <red>255</red>
        <green>255</green>
        <blue>255</blue>
        <alpha>255</alpha>
      </fill>
      <width class="cz.cvut.fel.schematicEditor.unit.oneDimensional.computer.Pixel">
        <value>1.0</value>
        <doubleFactor>1.0</doubleFactor>
      </width>
    </chidrenParameterNode>
  </partGroupNode>
  <partConnectors/>
</cz.cvut.fel.schematicEditor.graphNode.PartNode>