<PartNode>
  <id>1247513873281</id>
  <disabled>false</disabled>
  <element class="cz.cvut.fel.schematicEditor.element.element.part.Part">
    <editedCoordinateIndex>0</editedCoordinateIndex>
    <x/>
    <y/>
    <elementModificator>NO_MODIFICATION</elementModificator>
    <connectorVector/>
    <partProperties class="cz.cvut.fel.schematicEditor.parts.lightweightParts.partProperties.VoltageSourceProperties">
      <partProperties>
        <categoriesForPropertiesArray/>
      </partProperties>
      <netlistPrototype>v&lt;name&gt; &lt;connectorP&gt; &lt;connectorM&gt; [dc &lt;dc_analysis&gt;]</netlistPrototype>
    </partProperties>
  </element>
  <elementType>T_PART</elementType>
  <edited>false</edited>
  <partGroupNode>
    <id>1247513873281</id>
    <disabled>false</disabled>
    <childrenGroupList>
      <GroupNode>
        <id>1247513873281</id>
        <disabled>false</disabled>
        <childrenGroupList/>
        <childrenElementList>
          <ShapeNode>
            <id>1247513873281</id>
            <disabled>false</disabled>
            <element class="cz.cvut.fel.schematicEditor.element.element.shape.Line">
              <editedCoordinateIndex>0</editedCoordinateIndex>
              <x>
                <Pixel>
                  <value>155.0</value>
                  <doubleFactor>1.0</doubleFactor>
                </Pixel>
                <Pixel>
                  <value>406.0</value>
                  <doubleFactor>1.0</doubleFactor>
                </Pixel>
              </x>
              <y>
                <Pixel>
                  <value>140.0</value>
                  <doubleFactor>1.0</doubleFactor>
                </Pixel>
                <Pixel>
                  <value>185.0</value>
                  <doubleFactor>1.0</doubleFactor>
                </Pixel>
              </y>
              <elementModificator>NO_MODIFICATION</elementModificator>
            </element>
            <elementType>T_LINE</elementType>
            <edited>false</edited>
          </ShapeNode>
        </childrenElementList>
        <childrenTransformationList/>
        <chidrenParameterNode>
          <id>1247513873281</id>
          <disabled>false</disabled>
          <color>
            <red>0</red>
            <green>0</green>
            <blue>0</blue>
            <alpha>255</alpha>
          </color>
          <fill>
            <red>255</red>
            <green>255</green>
            <blue>255</blue>
            <alpha>255</alpha>
          </fill>
          <width class="Pixel">
            <value>1.0</value>
            <doubleFactor>1.0</doubleFactor>
          </width>
        </chidrenParameterNode>
      </GroupNode>
      <GroupNode>
        <id>1247513873281</id>
        <disabled>false</disabled>
        <childrenGroupList/>
        <childrenElementList>
          <ShapeNode>
            <id>1247513873281</id>
            <disabled>false</disabled>
            <element class="cz.cvut.fel.schematicEditor.element.element.shape.Line">
              <editedCoordinateIndex>0</editedCoordinateIndex>
              <x>
                <Pixel>
                  <value>284.0</value>
                  <doubleFactor>1.0</doubleFactor>
                </Pixel>
                <Pixel>
                  <value>284.0</value>
                  <doubleFactor>1.0</doubleFactor>
                </Pixel>
              </x>
              <y>
                <Pixel>
                  <value>154.0</value>
                  <doubleFactor>1.0</doubleFactor>
                </Pixel>
                <Pixel>
                  <value>154.0</value>
                  <doubleFactor>1.0</doubleFactor>
                </Pixel>
              </y>
              <elementModificator>NO_MODIFICATION</elementModificator>
            </element>
            <elementType>T_LINE</elementType>
            <edited>false</edited>
          </ShapeNode>
        </childrenElementList>
        <childrenTransformationList/>
        <chidrenParameterNode>
          <id>1247513873281</id>
          <disabled>false</disabled>
          <color>
            <red>0</red>
            <green>0</green>
            <blue>0</blue>
            <alpha>255</alpha>
          </color>
          <fill>
            <red>255</red>
            <green>255</green>
            <blue>255</blue>
            <alpha>255</alpha>
          </fill>
          <width class="Pixel" reference="../../../GroupNode/chidrenParameterNode/width"/>
        </chidrenParameterNode>
      </GroupNode>
    </childrenGroupList>
    <childrenElementList/>
    <childrenTransformationList/>
    <chidrenParameterNode>
      <id>1247513873281</id>
      <disabled>false</disabled>
      <color>
        <red>0</red>
        <green>0</green>
        <blue>0</blue>
        <alpha>255</alpha>
      </color>
      <fill>
        <red>255</red>
        <green>255</green>
        <blue>255</blue>
        <alpha>255</alpha>
      </fill>
      <width class="Pixel">
        <value>1.0</value>
        <doubleFactor>1.0</doubleFactor>
      </width>
    </chidrenParameterNode>
  </partGroupNode>
  <partConnectors/>
</PartNode>