<cz.cvut.fel.schematicEditor.graphNode.PartNode>
  <id>1232450968390</id>
  <disabled>false</disabled>
  <element class="cz.cvut.fel.schematicEditor.element.element.part.Part">
    <editedCoordinateIndex>0</editedCoordinateIndex>
    <x/>
    <y/>
    <elementModificator>NO_MODIFICATION</elementModificator>
    <connectorVector/>
    <partProperties class="cz.cvut.fel.schematicEditor.element.properties.partProperties.CapacitorProperties">
      <partDescription>Linear Current - Controlled Current Source</partDescription>
      <partVariant>H</partVariant>
      <partPropertiesMap>
        <entry>
          <string>connectorP</string>
          <cz.cvut.fel.schematicEditor.support.Property>
            <key class="string">connectorP</key>
            <value class="string"></value>
            <description></description>
          </cz.cvut.fel.schematicEditor.support.Property>
        </entry>
        <entry>
          <string>model</string>
          <cz.cvut.fel.schematicEditor.support.Property>
            <key class="string">model</key>
            <value class="string"></value>
            <description></description>
          </cz.cvut.fel.schematicEditor.support.Property>
        </entry>
        <entry>
          <string>connectorM</string>
          <cz.cvut.fel.schematicEditor.support.Property>
            <key class="string">connectorM</key>
            <value class="string"></value>
            <description></description>
          </cz.cvut.fel.schematicEditor.support.Property>
        </entry>
        <entry>
          <string>width</string>
          <cz.cvut.fel.schematicEditor.support.Property>
            <key class="string">width</key>
            <value class="string"></value>
            <description></description>
          </cz.cvut.fel.schematicEditor.support.Property>
        </entry>
        <entry>
          <string>name</string>
          <cz.cvut.fel.schematicEditor.support.Property>
            <key class="string">name</key>
            <value class="string"></value>
            <description></description>
          </cz.cvut.fel.schematicEditor.support.Property>
        </entry>
        <entry>
          <string>length</string>
          <cz.cvut.fel.schematicEditor.support.Property>
            <key class="string">length</key>
            <value class="string"></value>
            <description></description>
          </cz.cvut.fel.schematicEditor.support.Property>
        </entry>
        <entry>
          <string>value</string>
          <cz.cvut.fel.schematicEditor.support.Property>
            <key class="string">value</key>
            <value class="string"></value>
            <description></description>
          </cz.cvut.fel.schematicEditor.support.Property>
        </entry>
        <entry>
          <string>initial_voltage</string>
          <cz.cvut.fel.schematicEditor.support.Property>
            <key class="string">initial_voltage</key>
            <value class="string"></value>
            <description></description>
          </cz.cvut.fel.schematicEditor.support.Property>
        </entry>
      </partPropertiesMap>
      <netlistPrototype>c&lt;name&gt; &lt;connectorP&gt; &lt;connectorM&gt; [&lt;value&gt;] [&lt;model&gt;] [l=&lt;length&gt;] [w=&lt;width&gt;] [ic=&lt;initial_voltage&gt;]</netlistPrototype>
    </partProperties>
    <rotationCenter>
      <unitX class="cz.cvut.fel.schematicEditor.unit.oneDimensional.computer.Pixel">
        <value>0.0</value>
        <doubleFactor>1.0</doubleFactor>
      </unitX>
      <unitY class="cz.cvut.fel.schematicEditor.unit.oneDimensional.computer.Pixel">
        <value>0.0</value>
        <doubleFactor>1.0</doubleFactor>
      </unitY>
    </rotationCenter>
  </element>
  <elementType>T_PART</elementType>
  <edited>false</edited>
  <partGroupNode>
    <id>1232450968390</id>
    <disabled>false</disabled>
    <childrenGroupList>
      <cz.cvut.fel.schematicEditor.graphNode.GroupNode>
        <id>1232450968390</id>
        <disabled>false</disabled>
        <childrenGroupList/>
        <childrenElementList/>
        <childrenTransformationList/>
        <chidrenParameterNode>
          <id>1232450968390</id>
          <disabled>false</disabled>
          <color>
            <red>0</red>
            <green>0</green>
            <blue>0</blue>
            <alpha>255</alpha>
          </color>
          <fill>
            <red>255</red>
            <green>255</green>
            <blue>255</blue>
            <alpha>255</alpha>
          </fill>
          <width class="cz.cvut.fel.schematicEditor.unit.oneDimensional.computer.Pixel">
            <value>1.0</value>
            <doubleFactor>1.0</doubleFactor>
          </width>
        </chidrenParameterNode>
      </cz.cvut.fel.schematicEditor.graphNode.GroupNode>
    </childrenGroupList>
    <childrenElementList/>
    <childrenTransformationList/>
    <chidrenParameterNode>
      <id>1232450968390</id>
      <disabled>false</disabled>
      <color>
        <red>0</red>
        <green>0</green>
        <blue>0</blue>
        <alpha>255</alpha>
      </color>
      <fill>
        <red>255</red>
        <green>255</green>
        <blue>255</blue>
        <alpha>255</alpha>
      </fill>
      <width class="cz.cvut.fel.schematicEditor.unit.oneDimensional.computer.Pixel">
        <value>1.0</value>
        <doubleFactor>1.0</doubleFactor>
      </width>
    </chidrenParameterNode>
  </partGroupNode>
  <partConnectors>
    <cz.cvut.fel.schematicEditor.graphNode.PinNode>
      <id>1232450968390</id>
      <disabled>false</disabled>
      <element class="cz.cvut.fel.schematicEditor.element.element.part.Pin">
        <editedCoordinateIndex>0</editedCoordinateIndex>
        <x>
          <cz.cvut.fel.schematicEditor.unit.oneDimensional.computer.Pixel>
            <value>290.0</value>
            <doubleFactor>1.0</doubleFactor>
          </cz.cvut.fel.schematicEditor.unit.oneDimensional.computer.Pixel>
          <cz.cvut.fel.schematicEditor.unit.oneDimensional.computer.Pixel>
            <value>290.0</value>
            <doubleFactor>1.0</doubleFactor>
          </cz.cvut.fel.schematicEditor.unit.oneDimensional.computer.Pixel>
        </x>
        <y>
          <cz.cvut.fel.schematicEditor.unit.oneDimensional.computer.Pixel>
            <value>260.0</value>
            <doubleFactor>1.0</doubleFactor>
          </cz.cvut.fel.schematicEditor.unit.oneDimensional.computer.Pixel>
          <cz.cvut.fel.schematicEditor.unit.oneDimensional.computer.Pixel>
            <value>260.0</value>
            <doubleFactor>1.0</doubleFactor>
          </cz.cvut.fel.schematicEditor.unit.oneDimensional.computer.Pixel>
        </y>
        <elementModificator>NO_MODIFICATION</elementModificator>
      </element>
      <edited>false</edited>
    </cz.cvut.fel.schematicEditor.graphNode.PinNode>
    <cz.cvut.fel.schematicEditor.graphNode.PinNode>
      <id>1232450968390</id>
      <disabled>false</disabled>
      <element class="cz.cvut.fel.schematicEditor.element.element.part.Pin">
        <editedCoordinateIndex>0</editedCoordinateIndex>
        <x>
          <cz.cvut.fel.schematicEditor.unit.oneDimensional.computer.Pixel>
            <value>340.0</value>
            <doubleFactor>1.0</doubleFactor>
          </cz.cvut.fel.schematicEditor.unit.oneDimensional.computer.Pixel>
          <cz.cvut.fel.schematicEditor.unit.oneDimensional.computer.Pixel>
            <value>340.0</value>
            <doubleFactor>1.0</doubleFactor>
          </cz.cvut.fel.schematicEditor.unit.oneDimensional.computer.Pixel>
        </x>
        <y>
          <cz.cvut.fel.schematicEditor.unit.oneDimensional.computer.Pixel>
            <value>260.0</value>
            <doubleFactor>1.0</doubleFactor>
          </cz.cvut.fel.schematicEditor.unit.oneDimensional.computer.Pixel>
          <cz.cvut.fel.schematicEditor.unit.oneDimensional.computer.Pixel>
            <value>260.0</value>
            <doubleFactor>1.0</doubleFactor>
          </cz.cvut.fel.schematicEditor.unit.oneDimensional.computer.Pixel>
        </y>
        <elementModificator>NO_MODIFICATION</elementModificator>
      </element>
      <edited>false</edited>
    </cz.cvut.fel.schematicEditor.graphNode.PinNode>
  </partConnectors>
</cz.cvut.fel.schematicEditor.graphNode.PartNode>