<cz.cvut.fel.schematicEditor.graphNode.PartNode>
  <id>1224351127433</id>
  <disabled>false</disabled>
  <element class="cz.cvut.fel.schematicEditor.element.element.part.Part">
    <editedPointIndex>0</editedPointIndex>
    <x/>
    <y/>
    <elementModificator>NO_MODIFICATION</elementModificator>
    <connectorVector/>
    <partProperties>
      <partDescription></partDescription>
      <partVariant></partVariant>
    </partProperties>
  </element>
  <elementType>T_PART</elementType>
  <edited>false</edited>
  <partGroupNode>
    <id>1224351127428</id>
    <disabled>false</disabled>
    <childrenGroupList>
      <cz.cvut.fel.schematicEditor.graphNode.GroupNode>
        <id>1224351127433</id>
        <disabled>false</disabled>
        <childrenGroupList/>
        <childrenElementList>
          <cz.cvut.fel.schematicEditor.graphNode.ShapeNode>
            <id>1224351127433</id>
            <disabled>false</disabled>
            <element class="cz.cvut.fel.schematicEditor.element.element.shape.Line">
              <editedPointIndex>0</editedPointIndex>
              <x>
                <cz.cvut.fel.schematicEditor.unit.oneDimensional.computer.Pixel>
                  <value>145.0</value>
                  <doubleFactor>1.0</doubleFactor>
                </cz.cvut.fel.schematicEditor.unit.oneDimensional.computer.Pixel>
                <cz.cvut.fel.schematicEditor.unit.oneDimensional.computer.Pixel>
                  <value>155.0</value>
                  <doubleFactor>1.0</doubleFactor>
                </cz.cvut.fel.schematicEditor.unit.oneDimensional.computer.Pixel>
              </x>
              <y>
                <cz.cvut.fel.schematicEditor.unit.oneDimensional.computer.Pixel>
                  <value>100.0</value>
                  <doubleFactor>1.0</doubleFactor>
                </cz.cvut.fel.schematicEditor.unit.oneDimensional.computer.Pixel>
                <cz.cvut.fel.schematicEditor.unit.oneDimensional.computer.Pixel>
                  <value>100.0</value>
                  <doubleFactor>1.0</doubleFactor>
                </cz.cvut.fel.schematicEditor.unit.oneDimensional.computer.Pixel>
              </y>
              <elementModificator>NO_MODIFICATION</elementModificator>
            </element>
            <elementType>T_LINE</elementType>
            <edited>false</edited>
          </cz.cvut.fel.schematicEditor.graphNode.ShapeNode>
        </childrenElementList>
        <childrenTransformationList/>
        <chidrenParameterNode>
          <id>1224351127433</id>
          <disabled>false</disabled>
          <color>
            <red>0</red>
            <green>0</green>
            <blue>0</blue>
            <alpha>255</alpha>
          </color>
          <fill>
            <red>255</red>
            <green>255</green>
            <blue>255</blue>
            <alpha>255</alpha>
          </fill>
          <width class="cz.cvut.fel.schematicEditor.unit.oneDimensional.computer.Pixel">
            <value>1.0</value>
            <doubleFactor>1.0</doubleFactor>
          </width>
        </chidrenParameterNode>
      </cz.cvut.fel.schematicEditor.graphNode.GroupNode>
      <cz.cvut.fel.schematicEditor.graphNode.GroupNode>
        <id>1224351127432</id>
        <disabled>false</disabled>
        <childrenGroupList/>
        <childrenElementList>
          <cz.cvut.fel.schematicEditor.graphNode.ShapeNode>
            <id>1224351127432</id>
            <disabled>false</disabled>
            <element class="cz.cvut.fel.schematicEditor.element.element.shape.Rectangle">
              <editedPointIndex>0</editedPointIndex>
              <x>
                <cz.cvut.fel.schematicEditor.unit.oneDimensional.computer.Pixel>
                  <value>155.0</value>
                  <doubleFactor>1.0</doubleFactor>
                </cz.cvut.fel.schematicEditor.unit.oneDimensional.computer.Pixel>
                <cz.cvut.fel.schematicEditor.unit.oneDimensional.computer.Pixel>
                  <value>185.0</value>
                  <doubleFactor>1.0</doubleFactor>
                </cz.cvut.fel.schematicEditor.unit.oneDimensional.computer.Pixel>
              </x>
              <y>
                <cz.cvut.fel.schematicEditor.unit.oneDimensional.computer.Pixel>
                  <value>95.0</value>
                  <doubleFactor>1.0</doubleFactor>
                </cz.cvut.fel.schematicEditor.unit.oneDimensional.computer.Pixel>
                <cz.cvut.fel.schematicEditor.unit.oneDimensional.computer.Pixel>
                  <value>105.0</value>
                  <doubleFactor>1.0</doubleFactor>
                </cz.cvut.fel.schematicEditor.unit.oneDimensional.computer.Pixel>
              </y>
              <elementModificator>NO_MODIFICATION</elementModificator>
            </element>
            <elementType>T_RECTANGLE</elementType>
            <edited>false</edited>
          </cz.cvut.fel.schematicEditor.graphNode.ShapeNode>
        </childrenElementList>
        <childrenTransformationList/>
        <chidrenParameterNode>
          <id>1224351127432</id>
          <disabled>false</disabled>
          <color>
            <red>0</red>
            <green>0</green>
            <blue>0</blue>
            <alpha>255</alpha>
          </color>
          <fill>
            <red>255</red>
            <green>255</green>
            <blue>255</blue>
            <alpha>255</alpha>
          </fill>
          <width class="cz.cvut.fel.schematicEditor.unit.oneDimensional.computer.Pixel">
            <value>1.0</value>
            <doubleFactor>1.0</doubleFactor>
          </width>
        </chidrenParameterNode>
      </cz.cvut.fel.schematicEditor.graphNode.GroupNode>
      <cz.cvut.fel.schematicEditor.graphNode.GroupNode>
        <id>1224351127432</id>
        <disabled>false</disabled>
        <childrenGroupList/>
        <childrenElementList>
          <cz.cvut.fel.schematicEditor.graphNode.ShapeNode>
            <id>1224351127432</id>
            <disabled>false</disabled>
            <element class="cz.cvut.fel.schematicEditor.element.element.shape.Line">
              <editedPointIndex>0</editedPointIndex>
              <x>
                <cz.cvut.fel.schematicEditor.unit.oneDimensional.computer.Pixel>
                  <value>185.0</value>
                  <doubleFactor>1.0</doubleFactor>
                </cz.cvut.fel.schematicEditor.unit.oneDimensional.computer.Pixel>
                <cz.cvut.fel.schematicEditor.unit.oneDimensional.computer.Pixel>
                  <value>195.0</value>
                  <doubleFactor>1.0</doubleFactor>
                </cz.cvut.fel.schematicEditor.unit.oneDimensional.computer.Pixel>
              </x>
              <y>
                <cz.cvut.fel.schematicEditor.unit.oneDimensional.computer.Pixel>
                  <value>100.0</value>
                  <doubleFactor>1.0</doubleFactor>
                </cz.cvut.fel.schematicEditor.unit.oneDimensional.computer.Pixel>
                <cz.cvut.fel.schematicEditor.unit.oneDimensional.computer.Pixel>
                  <value>100.0</value>
                  <doubleFactor>1.0</doubleFactor>
                </cz.cvut.fel.schematicEditor.unit.oneDimensional.computer.Pixel>
              </y>
              <elementModificator>NO_MODIFICATION</elementModificator>
            </element>
            <elementType>T_LINE</elementType>
            <edited>false</edited>
          </cz.cvut.fel.schematicEditor.graphNode.ShapeNode>
        </childrenElementList>
        <childrenTransformationList/>
        <chidrenParameterNode>
          <id>1224351127432</id>
          <disabled>false</disabled>
          <color>
            <red>0</red>
            <green>0</green>
            <blue>0</blue>
            <alpha>255</alpha>
          </color>
          <fill>
            <red>255</red>
            <green>255</green>
            <blue>255</blue>
            <alpha>255</alpha>
          </fill>
          <width class="cz.cvut.fel.schematicEditor.unit.oneDimensional.computer.Pixel">
            <value>1.0</value>
            <doubleFactor>1.0</doubleFactor>
          </width>
        </chidrenParameterNode>
      </cz.cvut.fel.schematicEditor.graphNode.GroupNode>
      <cz.cvut.fel.schematicEditor.graphNode.GroupNode>
        <id>1224351127431</id>
        <disabled>false</disabled>
        <childrenGroupList/>
        <childrenElementList>
          <cz.cvut.fel.schematicEditor.graphNode.ConnectorNode>
            <id>1224351127431</id>
            <disabled>false</disabled>
            <element class="cz.cvut.fel.schematicEditor.element.element.part.Pin">
              <editedPointIndex>0</editedPointIndex>
              <x>
                <cz.cvut.fel.schematicEditor.unit.oneDimensional.computer.Pixel>
                  <value>145.0</value>
                  <doubleFactor>1.0</doubleFactor>
                </cz.cvut.fel.schematicEditor.unit.oneDimensional.computer.Pixel>
                <cz.cvut.fel.schematicEditor.unit.oneDimensional.computer.Pixel>
                  <value>145.0</value>
                  <doubleFactor>1.0</doubleFactor>
                </cz.cvut.fel.schematicEditor.unit.oneDimensional.computer.Pixel>
              </x>
              <y>
                <cz.cvut.fel.schematicEditor.unit.oneDimensional.computer.Pixel>
                  <value>100.0</value>
                  <doubleFactor>1.0</doubleFactor>
                </cz.cvut.fel.schematicEditor.unit.oneDimensional.computer.Pixel>
                <cz.cvut.fel.schematicEditor.unit.oneDimensional.computer.Pixel>
                  <value>100.0</value>
                  <doubleFactor>1.0</doubleFactor>
                </cz.cvut.fel.schematicEditor.unit.oneDimensional.computer.Pixel>
              </y>
              <elementModificator>NO_MODIFICATION</elementModificator>
            </element>
            <edited>false</edited>
          </cz.cvut.fel.schematicEditor.graphNode.ConnectorNode>
        </childrenElementList>
        <childrenTransformationList/>
        <chidrenParameterNode>
          <id>1224351127431</id>
          <disabled>false</disabled>
          <color>
            <red>0</red>
            <green>0</green>
            <blue>0</blue>
            <alpha>255</alpha>
          </color>
          <fill>
            <red>255</red>
            <green>255</green>
            <blue>255</blue>
            <alpha>255</alpha>
          </fill>
          <width class="cz.cvut.fel.schematicEditor.unit.oneDimensional.computer.Pixel">
            <value>1.0</value>
            <doubleFactor>1.0</doubleFactor>
          </width>
        </chidrenParameterNode>
      </cz.cvut.fel.schematicEditor.graphNode.GroupNode>
      <cz.cvut.fel.schematicEditor.graphNode.GroupNode>
        <id>1224351127431</id>
        <disabled>false</disabled>
        <childrenGroupList/>
        <childrenElementList>
          <cz.cvut.fel.schematicEditor.graphNode.ConnectorNode>
            <id>1224351127431</id>
            <disabled>false</disabled>
            <element class="cz.cvut.fel.schematicEditor.element.element.part.Pin">
              <editedPointIndex>0</editedPointIndex>
              <x>
                <cz.cvut.fel.schematicEditor.unit.oneDimensional.computer.Pixel>
                  <value>195.0</value>
                  <doubleFactor>1.0</doubleFactor>
                </cz.cvut.fel.schematicEditor.unit.oneDimensional.computer.Pixel>
                <cz.cvut.fel.schematicEditor.unit.oneDimensional.computer.Pixel>
                  <value>195.0</value>
                  <doubleFactor>1.0</doubleFactor>
                </cz.cvut.fel.schematicEditor.unit.oneDimensional.computer.Pixel>
              </x>
              <y>
                <cz.cvut.fel.schematicEditor.unit.oneDimensional.computer.Pixel>
                  <value>100.0</value>
                  <doubleFactor>1.0</doubleFactor>
                </cz.cvut.fel.schematicEditor.unit.oneDimensional.computer.Pixel>
                <cz.cvut.fel.schematicEditor.unit.oneDimensional.computer.Pixel>
                  <value>100.0</value>
                  <doubleFactor>1.0</doubleFactor>
                </cz.cvut.fel.schematicEditor.unit.oneDimensional.computer.Pixel>
              </y>
              <elementModificator>NO_MODIFICATION</elementModificator>
            </element>
            <edited>false</edited>
          </cz.cvut.fel.schematicEditor.graphNode.ConnectorNode>
        </childrenElementList>
        <childrenTransformationList/>
        <chidrenParameterNode>
          <id>1224351127431</id>
          <disabled>false</disabled>
          <color>
            <red>0</red>
            <green>0</green>
            <blue>0</blue>
            <alpha>255</alpha>
          </color>
          <fill>
            <red>255</red>
            <green>255</green>
            <blue>255</blue>
            <alpha>255</alpha>
          </fill>
          <width class="cz.cvut.fel.schematicEditor.unit.oneDimensional.computer.Pixel" reference="../../../cz.cvut.fel.schematicEditor.graphNode.GroupNode[4]/chidrenParameterNode/width"/>
        </chidrenParameterNode>
      </cz.cvut.fel.schematicEditor.graphNode.GroupNode>
    </childrenGroupList>
    <childrenElementList/>
    <childrenTransformationList/>
    <chidrenParameterNode>
      <id>1224351127428</id>
      <disabled>false</disabled>
      <color>
        <red>0</red>
        <green>0</green>
        <blue>0</blue>
        <alpha>255</alpha>
      </color>
      <fill>
        <red>255</red>
        <green>255</green>
        <blue>255</blue>
        <alpha>255</alpha>
      </fill>
      <width class="cz.cvut.fel.schematicEditor.unit.oneDimensional.computer.Pixel">
        <value>1.0</value>
        <doubleFactor>1.0</doubleFactor>
      </width>
    </chidrenParameterNode>
  </partGroupNode>
</cz.cvut.fel.schematicEditor.graphNode.PartNode>